<?xml version="1.0" encoding="UTF-8"?>
<!-- Generated by org.testng.reporters.JUnitReportReporter -->
<testsuite skipped="0" hostname="DESKTOP-DDM103P" name="m1.TestHello" tests="1" failures="0" timestamp="26 Jun 2017 19:13:30 GMT" time="0.013" errors="0">
  <testcase name="demo1" time="0.013" classname="m1.TestHello"/>
</testsuite> <!-- m1.TestHello -->
